#-----------------------------------------------------------
# Vivado v2018.2 (64-bit)
# SW Build 2258646 on Thu Jun 14 20:03:12 MDT 2018
# IP Build 2256618 on Thu Jun 14 22:10:49 MDT 2018
# Start of session at: Fri Jul 31 15:59:37 2020
# Process ID: 564
# Current directory: D:/Xilinx/VivadoProjects/Filter_WaveGenerator
# Command line: vivado.exe -gui_launcher_event rodinguilauncherevent7464 D:\Xilinx\VivadoProjects\Filter_WaveGenerator\Filter_WaveGenerator.xpr
# Log file: D:/Xilinx/VivadoProjects/Filter_WaveGenerator/vivado.log
# Journal file: D:/Xilinx/VivadoProjects/Filter_WaveGenerator\vivado.jou
#-----------------------------------------------------------
start_gui
open_project D:/Xilinx/VivadoProjects/Filter_WaveGenerator/Filter_WaveGenerator.xpr
Scanning sources...
Finished scanning sources
INFO: [IP_Flow 19-234] Refreshing IP repositories
INFO: [IP_Flow 19-1704] No user IP repositories specified
INFO: [IP_Flow 19-2313] Loaded Vivado IP repository 'D:/Xilinx/Vivado/2018.2/data/ip'.
open_project: Time (s): cpu = 00:00:14 ; elapsed = 00:00:10 . Memory (MB): peak = 815.199 ; gain = 132.605
update_compile_order -fileset sources_1
launch_simulation
INFO: [Vivado 12-5698] Checking validity of IPs in the design for the 'XSim' simulator...
INFO: [Vivado 12-5682] Launching behavioral simulation in 'D:/Xilinx/VivadoProjects/Filter_WaveGenerator/Filter_WaveGenerator.sim/sim_1/behav/xsim'
INFO: [Vivado 12-4795] Using compiled simulation libraries for IPs
INFO: [SIM-utils-51] Simulation object is 'sim_1'
INFO: [USF-XSim-7] Finding pre-compiled libraries...
INFO: [USF-XSim-11] File 'D:/Xilinx/Vivado/2018.2/data/xsim/xsim.ini' copied to run dir:'D:/Xilinx/VivadoProjects/Filter_WaveGenerator/Filter_WaveGenerator.sim/sim_1/behav/xsim'
INFO: [SIM-utils-54] Inspecting design source files for 'tb_Top' in fileset 'sim_1'...
INFO: [SIM-utils-43] Exported 'D:/Xilinx/VivadoProjects/Filter_WaveGenerator/Filter_WaveGenerator.sim/sim_1/behav/xsim/Rom_Sin.mif'
INFO: [SIM-utils-43] Exported 'D:/Xilinx/VivadoProjects/Filter_WaveGenerator/Filter_WaveGenerator.sim/sim_1/behav/xsim/Sin_Wave_Rom.coe'
INFO: [SIM-utils-43] Exported 'D:/Xilinx/VivadoProjects/Filter_WaveGenerator/Filter_WaveGenerator.sim/sim_1/behav/xsim/Rom_Square.mif'
INFO: [SIM-utils-43] Exported 'D:/Xilinx/VivadoProjects/Filter_WaveGenerator/Filter_WaveGenerator.sim/sim_1/behav/xsim/Square_Wave_Rom.coe'
INFO: [SIM-utils-43] Exported 'D:/Xilinx/VivadoProjects/Filter_WaveGenerator/Filter_WaveGenerator.sim/sim_1/behav/xsim/Rom_Triangle.mif'
INFO: [SIM-utils-43] Exported 'D:/Xilinx/VivadoProjects/Filter_WaveGenerator/Filter_WaveGenerator.sim/sim_1/behav/xsim/Triangle_Wave_Rom.coe'
INFO: [USF-XSim-97] Finding global include files...
INFO: [USF-XSim-98] Fetching design files from 'sim_1'...
INFO: [USF-XSim-2] XSim::Compile design
INFO: [USF-XSim-61] Executing 'COMPILE and ANALYZE' step in 'D:/Xilinx/VivadoProjects/Filter_WaveGenerator/Filter_WaveGenerator.sim/sim_1/behav/xsim'
"xvlog --incr --relax -prj tb_Top_vlog.prj"
INFO: [VRFC 10-2263] Analyzing Verilog file "D:/Xilinx/VivadoProjects/Filter_WaveGenerator/Filter_WaveGenerator.srcs/sources_1/ip/Rom_Triangle/sim/Rom_Triangle.v" into library xil_defaultlib
INFO: [VRFC 10-311] analyzing module Rom_Triangle
INFO: [VRFC 10-2263] Analyzing Verilog file "D:/Xilinx/VivadoProjects/Filter_WaveGenerator/Filter_WaveGenerator.srcs/sources_1/ip/Rom_Square/sim/Rom_Square.v" into library xil_defaultlib
INFO: [VRFC 10-311] analyzing module Rom_Square
INFO: [VRFC 10-2263] Analyzing Verilog file "D:/Xilinx/VivadoProjects/Filter_WaveGenerator/Filter_WaveGenerator.srcs/sources_1/ip/Rom_Sin/sim/Rom_Sin.v" into library xil_defaultlib
INFO: [VRFC 10-311] analyzing module Rom_Sin
INFO: [VRFC 10-2263] Analyzing Verilog file "D:/Xilinx/VivadoProjects/Filter_WaveGenerator/Filter_WaveGenerator.srcs/sources_1/imports/new/DDS_Addr_Generator.v" into library xil_defaultlib
INFO: [VRFC 10-311] analyzing module DDS_Addr_Generator
INFO: [VRFC 10-2263] Analyzing Verilog file "D:/Xilinx/VivadoProjects/Filter_WaveGenerator/Filter_WaveGenerator.srcs/sources_1/imports/new/Driver_DAC.v" into library xil_defaultlib
INFO: [VRFC 10-311] analyzing module Driver_DAC
INFO: [VRFC 10-2263] Analyzing Verilog file "D:/Xilinx/VivadoProjects/Filter_WaveGenerator/Filter_WaveGenerator.srcs/sources_1/new/Filter_WaveGenerator.v" into library xil_defaultlib
INFO: [VRFC 10-311] analyzing module Filter_WaveGenerator
INFO: [VRFC 10-2263] Analyzing Verilog file "D:/Xilinx/VivadoProjects/Filter_WaveGenerator/Filter_WaveGenerator.srcs/sources_1/imports/UART/UART.srcs/sources_1/new/UART.v" into library xil_defaultlib
INFO: [VRFC 10-311] analyzing module UART
INFO: [VRFC 10-2263] Analyzing Verilog file "D:/Xilinx/VivadoProjects/Filter_WaveGenerator/Filter_WaveGenerator.srcs/sources_1/imports/new/clk_division.v" into library xil_defaultlib
INFO: [VRFC 10-311] analyzing module clk_division
INFO: [VRFC 10-2263] Analyzing Verilog file "D:/Xilinx/VivadoProjects/Filter_WaveGenerator/Filter_WaveGenerator.srcs/sources_1/imports/VivadoProjects/fir.v" into library xil_defaultlib
INFO: [VRFC 10-311] analyzing module fir
INFO: [VRFC 10-2263] Analyzing Verilog file "D:/Xilinx/VivadoProjects/Filter_WaveGenerator/Filter_WaveGenerator.srcs/sources_1/imports/UART/UART.srcs/sources_1/imports/rtl/rx_clk_gen.v" into library xil_defaultlib
INFO: [VRFC 10-311] analyzing module rx_clk_gen
INFO: [VRFC 10-2263] Analyzing Verilog file "D:/Xilinx/VivadoProjects/Filter_WaveGenerator/Filter_WaveGenerator.srcs/sources_1/imports/UART/UART.srcs/sources_1/imports/rtl/tx_clk_gen.v" into library xil_defaultlib
INFO: [VRFC 10-311] analyzing module tx_clk_gen
INFO: [VRFC 10-2263] Analyzing Verilog file "D:/Xilinx/VivadoProjects/Filter_WaveGenerator/Filter_WaveGenerator.srcs/sources_1/imports/UART/UART.srcs/sources_1/imports/rtl/uart_frame_rx.v" into library xil_defaultlib
INFO: [VRFC 10-311] analyzing module uart_frame_rx
INFO: [VRFC 10-2263] Analyzing Verilog file "D:/Xilinx/VivadoProjects/Filter_WaveGenerator/Filter_WaveGenerator.srcs/sources_1/imports/UART/UART.srcs/sources_1/imports/rtl/uart_frame_tx.v" into library xil_defaultlib
INFO: [VRFC 10-311] analyzing module uart_frame_tx
INFO: [VRFC 10-2263] Analyzing Verilog file "D:/Xilinx/VivadoProjects/Filter_WaveGenerator/Filter_WaveGenerator.srcs/sim_1/new/tb_Top.v" into library xil_defaultlib
INFO: [VRFC 10-311] analyzing module tb_Top
INFO: [USF-XSim-69] 'compile' step finished in '2' seconds
INFO: [USF-XSim-3] XSim::Elaborate design
INFO: [USF-XSim-61] Executing 'ELABORATE' step in 'D:/Xilinx/VivadoProjects/Filter_WaveGenerator/Filter_WaveGenerator.sim/sim_1/behav/xsim'
Vivado Simulator 2018.2
Copyright 1986-1999, 2001-2018 Xilinx, Inc. All Rights Reserved.
Running: D:/Xilinx/Vivado/2018.2/bin/unwrapped/win64.o/xelab.exe -wto 9f5ed87ab75244418efefae0cd05a944 --incr --debug typical --relax --mt 2 -L blk_mem_gen_v8_4_1 -L xil_defaultlib -L unisims_ver -L unimacro_ver -L secureip -L xpm --snapshot tb_Top_behav xil_defaultlib.tb_Top xil_defaultlib.glbl -log elaborate.log 
Using 2 slave threads.
Starting static elaboration
WARNING: [VRFC 10-278] actual bit length 32 differs from formal bit length 1 for port i_rst [D:/Xilinx/VivadoProjects/Filter_WaveGenerator/Filter_WaveGenerator.srcs/sources_1/new/Filter_WaveGenerator.v:187]
WARNING: [VRFC 10-278] actual bit length 32 differs from formal bit length 31 for port i_clk_mode [D:/Xilinx/VivadoProjects/Filter_WaveGenerator/Filter_WaveGenerator.srcs/sources_1/new/Filter_WaveGenerator.v:188]
WARNING: [VRFC 10-278] actual bit length 32 differs from formal bit length 1 for port DAC_En [D:/Xilinx/VivadoProjects/Filter_WaveGenerator/Filter_WaveGenerator.srcs/sources_1/new/Filter_WaveGenerator.v:195]
WARNING: [VRFC 10-278] actual bit length 32 differs from formal bit length 1 for port i_rst [D:/Xilinx/VivadoProjects/Filter_WaveGenerator/Filter_WaveGenerator.srcs/sources_1/imports/new/DDS_Addr_Generator.v:38]
Completed static elaboration
Starting simulation data flow analysis
Completed simulation data flow analysis
Time Resolution for simulation is 1ps
Compiling module xil_defaultlib.fir
Compiling module xil_defaultlib.tx_clk_gen(BAUD_RATE=115200)
Compiling module xil_defaultlib.uart_frame_tx(BAUD_RATE=115200)
Compiling module xil_defaultlib.rx_clk_gen(CLK_FREQUENCE=1000000...
Compiling module xil_defaultlib.uart_frame_rx(BAUD_RATE=115200)
Compiling module xil_defaultlib.UART
Compiling module xil_defaultlib.clk_division
Compiling module xil_defaultlib.DDS_Addr_Generator
Compiling module blk_mem_gen_v8_4_1.blk_mem_gen_v8_4_1_output_stage(...
Compiling module blk_mem_gen_v8_4_1.blk_mem_gen_v8_4_1_output_stage(...
Compiling module blk_mem_gen_v8_4_1.blk_mem_gen_v8_4_1_softecc_outpu...
Compiling module blk_mem_gen_v8_4_1.blk_mem_gen_v8_4_1_mem_module(C_...
Compiling module blk_mem_gen_v8_4_1.blk_mem_gen_v8_4_1(C_FAMILY="spa...
Compiling module xil_defaultlib.Rom_Sin
Compiling module blk_mem_gen_v8_4_1.blk_mem_gen_v8_4_1_mem_module(C_...
Compiling module blk_mem_gen_v8_4_1.blk_mem_gen_v8_4_1(C_FAMILY="spa...
Compiling module xil_defaultlib.Rom_Square
Compiling module blk_mem_gen_v8_4_1.blk_mem_gen_v8_4_1_mem_module(C_...
Compiling module blk_mem_gen_v8_4_1.blk_mem_gen_v8_4_1(C_FAMILY="spa...
Compiling module xil_defaultlib.Rom_Triangle
Compiling module xil_defaultlib.Driver_DAC
Compiling module xil_defaultlib.Filter_WaveGenerator
Compiling module xil_defaultlib.tb_Top
Compiling module xil_defaultlib.glbl
Built simulation snapshot tb_Top_behav
run_program: Time (s): cpu = 00:00:00 ; elapsed = 00:00:05 . Memory (MB): peak = 861.711 ; gain = 0.000
INFO: [USF-XSim-69] 'elaborate' step finished in '6' seconds
INFO: [USF-XSim-4] XSim::Simulate design
INFO: [USF-XSim-61] Executing 'SIMULATE' step in 'D:/Xilinx/VivadoProjects/Filter_WaveGenerator/Filter_WaveGenerator.sim/sim_1/behav/xsim'
INFO: [USF-XSim-98] *** Running xsim
   with args "tb_Top_behav -key {Behavioral:sim_1:Functional:tb_Top} -tclbatch {tb_Top.tcl} -log {simulate.log}"
INFO: [USF-XSim-8] Loading simulator feature
Vivado Simulator 2018.2
Time resolution is 1 ps
source tb_Top.tcl
# set curr_wave [current_wave_config]
# if { [string length $curr_wave] == 0 } {
#   if { [llength [get_objects]] > 0} {
#     add_wave /
#     set_property needs_save false [current_wave_config]
#   } else {
#      send_msg_id Add_Wave-1 WARNING "No top level signals found. Simulator will start without a wave window. If you want to open a wave window go to 'File->New Waveform Configuration' or type 'create_wave_config' in the TCL console."
#   }
# }
# run 1000ns
 Block Memory Generator module loading initial data...
 Block Memory Generator data initialization complete.
Block Memory Generator module tb_Top.FWG_inst.Driver_DAC0.Sin_Rom.inst.native_mem_module.blk_mem_gen_v8_4_1_inst is using a behavioral model for simulation which will not precisely model memory collision behavior.
 Block Memory Generator module loading initial data...
 Block Memory Generator data initialization complete.
Block Memory Generator module tb_Top.FWG_inst.Driver_DAC0.Square_Rom.inst.native_mem_module.blk_mem_gen_v8_4_1_inst is using a behavioral model for simulation which will not precisely model memory collision behavior.
 Block Memory Generator module loading initial data...
 Block Memory Generator data initialization complete.
Block Memory Generator module tb_Top.FWG_inst.Driver_DAC0.Triangle_Rom.inst.native_mem_module.blk_mem_gen_v8_4_1_inst is using a behavioral model for simulation which will not precisely model memory collision behavior.
INFO: [USF-XSim-96] XSim completed. Design snapshot 'tb_Top_behav' loaded.
INFO: [USF-XSim-97] XSim simulation ran for 1000ns
launch_simulation: Time (s): cpu = 00:00:05 ; elapsed = 00:00:13 . Memory (MB): peak = 882.270 ; gain = 20.559
relaunch_sim
INFO: [Vivado 12-5698] Checking validity of IPs in the design for the 'XSim' simulator...
INFO: [Vivado 12-5682] Launching behavioral simulation in 'D:/Xilinx/VivadoProjects/Filter_WaveGenerator/Filter_WaveGenerator.sim/sim_1/behav/xsim'
INFO: [Vivado 12-4795] Using compiled simulation libraries for IPs
INFO: [SIM-utils-51] Simulation object is 'sim_1'
INFO: [USF-XSim-7] Finding pre-compiled libraries...
INFO: [USF-XSim-11] File 'D:/Xilinx/Vivado/2018.2/data/xsim/xsim.ini' copied to run dir:'D:/Xilinx/VivadoProjects/Filter_WaveGenerator/Filter_WaveGenerator.sim/sim_1/behav/xsim'
INFO: [SIM-utils-54] Inspecting design source files for 'tb_Top' in fileset 'sim_1'...
INFO: [SIM-utils-43] Exported 'D:/Xilinx/VivadoProjects/Filter_WaveGenerator/Filter_WaveGenerator.sim/sim_1/behav/xsim/Rom_Sin.mif'
INFO: [SIM-utils-43] Exported 'D:/Xilinx/VivadoProjects/Filter_WaveGenerator/Filter_WaveGenerator.sim/sim_1/behav/xsim/Sin_Wave_Rom.coe'
INFO: [SIM-utils-43] Exported 'D:/Xilinx/VivadoProjects/Filter_WaveGenerator/Filter_WaveGenerator.sim/sim_1/behav/xsim/Rom_Square.mif'
INFO: [SIM-utils-43] Exported 'D:/Xilinx/VivadoProjects/Filter_WaveGenerator/Filter_WaveGenerator.sim/sim_1/behav/xsim/Square_Wave_Rom.coe'
INFO: [SIM-utils-43] Exported 'D:/Xilinx/VivadoProjects/Filter_WaveGenerator/Filter_WaveGenerator.sim/sim_1/behav/xsim/Rom_Triangle.mif'
INFO: [SIM-utils-43] Exported 'D:/Xilinx/VivadoProjects/Filter_WaveGenerator/Filter_WaveGenerator.sim/sim_1/behav/xsim/Triangle_Wave_Rom.coe'
INFO: [USF-XSim-97] Finding global include files...
INFO: [USF-XSim-98] Fetching design files from 'sim_1'...
INFO: [USF-XSim-2] XSim::Compile design
INFO: [USF-XSim-61] Executing 'COMPILE and ANALYZE' step in 'D:/Xilinx/VivadoProjects/Filter_WaveGenerator/Filter_WaveGenerator.sim/sim_1/behav/xsim'
"xvlog --incr --relax -prj tb_Top_vlog.prj"
INFO: [VRFC 10-2263] Analyzing Verilog file "D:/Xilinx/VivadoProjects/Filter_WaveGenerator/Filter_WaveGenerator.srcs/sources_1/ip/Rom_Triangle/sim/Rom_Triangle.v" into library xil_defaultlib
INFO: [VRFC 10-311] analyzing module Rom_Triangle
INFO: [VRFC 10-2263] Analyzing Verilog file "D:/Xilinx/VivadoProjects/Filter_WaveGenerator/Filter_WaveGenerator.srcs/sources_1/ip/Rom_Square/sim/Rom_Square.v" into library xil_defaultlib
INFO: [VRFC 10-311] analyzing module Rom_Square
INFO: [VRFC 10-2263] Analyzing Verilog file "D:/Xilinx/VivadoProjects/Filter_WaveGenerator/Filter_WaveGenerator.srcs/sources_1/ip/Rom_Sin/sim/Rom_Sin.v" into library xil_defaultlib
INFO: [VRFC 10-311] analyzing module Rom_Sin
INFO: [VRFC 10-2263] Analyzing Verilog file "D:/Xilinx/VivadoProjects/Filter_WaveGenerator/Filter_WaveGenerator.srcs/sources_1/imports/new/DDS_Addr_Generator.v" into library xil_defaultlib
INFO: [VRFC 10-311] analyzing module DDS_Addr_Generator
INFO: [VRFC 10-2263] Analyzing Verilog file "D:/Xilinx/VivadoProjects/Filter_WaveGenerator/Filter_WaveGenerator.srcs/sources_1/imports/new/Driver_DAC.v" into library xil_defaultlib
INFO: [VRFC 10-311] analyzing module Driver_DAC
INFO: [VRFC 10-2263] Analyzing Verilog file "D:/Xilinx/VivadoProjects/Filter_WaveGenerator/Filter_WaveGenerator.srcs/sources_1/new/Filter_WaveGenerator.v" into library xil_defaultlib
INFO: [VRFC 10-311] analyzing module Filter_WaveGenerator
INFO: [VRFC 10-2263] Analyzing Verilog file "D:/Xilinx/VivadoProjects/Filter_WaveGenerator/Filter_WaveGenerator.srcs/sources_1/imports/UART/UART.srcs/sources_1/new/UART.v" into library xil_defaultlib
INFO: [VRFC 10-311] analyzing module UART
INFO: [VRFC 10-2263] Analyzing Verilog file "D:/Xilinx/VivadoProjects/Filter_WaveGenerator/Filter_WaveGenerator.srcs/sources_1/imports/new/clk_division.v" into library xil_defaultlib
INFO: [VRFC 10-311] analyzing module clk_division
INFO: [VRFC 10-2263] Analyzing Verilog file "D:/Xilinx/VivadoProjects/Filter_WaveGenerator/Filter_WaveGenerator.srcs/sources_1/imports/VivadoProjects/fir.v" into library xil_defaultlib
INFO: [VRFC 10-311] analyzing module fir
INFO: [VRFC 10-2263] Analyzing Verilog file "D:/Xilinx/VivadoProjects/Filter_WaveGenerator/Filter_WaveGenerator.srcs/sources_1/imports/UART/UART.srcs/sources_1/imports/rtl/rx_clk_gen.v" into library xil_defaultlib
INFO: [VRFC 10-311] analyzing module rx_clk_gen
INFO: [VRFC 10-2263] Analyzing Verilog file "D:/Xilinx/VivadoProjects/Filter_WaveGenerator/Filter_WaveGenerator.srcs/sources_1/imports/UART/UART.srcs/sources_1/imports/rtl/tx_clk_gen.v" into library xil_defaultlib
INFO: [VRFC 10-311] analyzing module tx_clk_gen
INFO: [VRFC 10-2263] Analyzing Verilog file "D:/Xilinx/VivadoProjects/Filter_WaveGenerator/Filter_WaveGenerator.srcs/sources_1/imports/UART/UART.srcs/sources_1/imports/rtl/uart_frame_rx.v" into library xil_defaultlib
INFO: [VRFC 10-311] analyzing module uart_frame_rx
INFO: [VRFC 10-2263] Analyzing Verilog file "D:/Xilinx/VivadoProjects/Filter_WaveGenerator/Filter_WaveGenerator.srcs/sources_1/imports/UART/UART.srcs/sources_1/imports/rtl/uart_frame_tx.v" into library xil_defaultlib
INFO: [VRFC 10-311] analyzing module uart_frame_tx
INFO: [VRFC 10-2263] Analyzing Verilog file "D:/Xilinx/VivadoProjects/Filter_WaveGenerator/Filter_WaveGenerator.srcs/sim_1/new/tb_Top.v" into library xil_defaultlib
INFO: [VRFC 10-311] analyzing module tb_Top
INFO: [USF-XSim-69] 'compile' step finished in '2' seconds
INFO: [Vivado 12-5698] Checking validity of IPs in the design for the 'XSim' simulator...
INFO: [Vivado 12-5682] Launching behavioral simulation in 'D:/Xilinx/VivadoProjects/Filter_WaveGenerator/Filter_WaveGenerator.sim/sim_1/behav/xsim'
INFO: [Vivado 12-4795] Using compiled simulation libraries for IPs
INFO: [USF-XSim-3] XSim::Elaborate design
INFO: [USF-XSim-61] Executing 'ELABORATE' step in 'D:/Xilinx/VivadoProjects/Filter_WaveGenerator/Filter_WaveGenerator.sim/sim_1/behav/xsim'
Vivado Simulator 2018.2
Copyright 1986-1999, 2001-2018 Xilinx, Inc. All Rights Reserved.
Running: D:/Xilinx/Vivado/2018.2/bin/unwrapped/win64.o/xelab.exe -wto 9f5ed87ab75244418efefae0cd05a944 --incr --debug typical --relax --mt 2 -L blk_mem_gen_v8_4_1 -L xil_defaultlib -L unisims_ver -L unimacro_ver -L secureip -L xpm --snapshot tb_Top_behav xil_defaultlib.tb_Top xil_defaultlib.glbl -log elaborate.log 
Using 2 slave threads.
Starting static elaboration
WARNING: [VRFC 10-278] actual bit length 32 differs from formal bit length 1 for port i_rst [D:/Xilinx/VivadoProjects/Filter_WaveGenerator/Filter_WaveGenerator.srcs/sources_1/new/Filter_WaveGenerator.v:187]
WARNING: [VRFC 10-278] actual bit length 32 differs from formal bit length 31 for port i_clk_mode [D:/Xilinx/VivadoProjects/Filter_WaveGenerator/Filter_WaveGenerator.srcs/sources_1/new/Filter_WaveGenerator.v:188]
WARNING: [VRFC 10-278] actual bit length 32 differs from formal bit length 1 for port DAC_En [D:/Xilinx/VivadoProjects/Filter_WaveGenerator/Filter_WaveGenerator.srcs/sources_1/new/Filter_WaveGenerator.v:195]
WARNING: [VRFC 10-278] actual bit length 32 differs from formal bit length 1 for port i_rst [D:/Xilinx/VivadoProjects/Filter_WaveGenerator/Filter_WaveGenerator.srcs/sources_1/imports/new/DDS_Addr_Generator.v:38]
Completed static elaboration
Starting simulation data flow analysis
Completed simulation data flow analysis
Time Resolution for simulation is 1ps
Compiling module xil_defaultlib.fir
Compiling module xil_defaultlib.tx_clk_gen(BAUD_RATE=115200)
Compiling module xil_defaultlib.uart_frame_tx(BAUD_RATE=115200)
Compiling module xil_defaultlib.rx_clk_gen(CLK_FREQUENCE=1000000...
Compiling module xil_defaultlib.uart_frame_rx(BAUD_RATE=115200)
Compiling module xil_defaultlib.UART
Compiling module xil_defaultlib.clk_division
Compiling module xil_defaultlib.DDS_Addr_Generator
Compiling module blk_mem_gen_v8_4_1.blk_mem_gen_v8_4_1_output_stage(...
Compiling module blk_mem_gen_v8_4_1.blk_mem_gen_v8_4_1_output_stage(...
Compiling module blk_mem_gen_v8_4_1.blk_mem_gen_v8_4_1_softecc_outpu...
Compiling module blk_mem_gen_v8_4_1.blk_mem_gen_v8_4_1_mem_module(C_...
Compiling module blk_mem_gen_v8_4_1.blk_mem_gen_v8_4_1(C_FAMILY="spa...
Compiling module xil_defaultlib.Rom_Sin
Compiling module blk_mem_gen_v8_4_1.blk_mem_gen_v8_4_1_mem_module(C_...
Compiling module blk_mem_gen_v8_4_1.blk_mem_gen_v8_4_1(C_FAMILY="spa...
Compiling module xil_defaultlib.Rom_Square
Compiling module blk_mem_gen_v8_4_1.blk_mem_gen_v8_4_1_mem_module(C_...
Compiling module blk_mem_gen_v8_4_1.blk_mem_gen_v8_4_1(C_FAMILY="spa...
Compiling module xil_defaultlib.Rom_Triangle
Compiling module xil_defaultlib.Driver_DAC
Compiling module xil_defaultlib.Filter_WaveGenerator
Compiling module xil_defaultlib.tb_Top
Compiling module xil_defaultlib.glbl
Built simulation snapshot tb_Top_behav
INFO: [USF-XSim-69] 'elaborate' step finished in '3' seconds
Vivado Simulator 2018.2
Time resolution is 1 ps
 Block Memory Generator module loading initial data...
 Block Memory Generator data initialization complete.
Block Memory Generator module tb_Top.FWG_inst.Driver_DAC0.Sin_Rom.inst.native_mem_module.blk_mem_gen_v8_4_1_inst is using a behavioral model for simulation which will not precisely model memory collision behavior.
 Block Memory Generator module loading initial data...
 Block Memory Generator data initialization complete.
Block Memory Generator module tb_Top.FWG_inst.Driver_DAC0.Square_Rom.inst.native_mem_module.blk_mem_gen_v8_4_1_inst is using a behavioral model for simulation which will not precisely model memory collision behavior.
 Block Memory Generator module loading initial data...
 Block Memory Generator data initialization complete.
Block Memory Generator module tb_Top.FWG_inst.Driver_DAC0.Triangle_Rom.inst.native_mem_module.blk_mem_gen_v8_4_1_inst is using a behavioral model for simulation which will not precisely model memory collision behavior.
relaunch_sim: Time (s): cpu = 00:00:01 ; elapsed = 00:00:08 . Memory (MB): peak = 891.461 ; gain = 0.535
run 10 ms
run: Time (s): cpu = 00:00:13 ; elapsed = 00:00:21 . Memory (MB): peak = 898.219 ; gain = 6.488
relaunch_sim
INFO: [Vivado 12-5698] Checking validity of IPs in the design for the 'XSim' simulator...
INFO: [Vivado 12-5682] Launching behavioral simulation in 'D:/Xilinx/VivadoProjects/Filter_WaveGenerator/Filter_WaveGenerator.sim/sim_1/behav/xsim'
INFO: [Vivado 12-4795] Using compiled simulation libraries for IPs
INFO: [SIM-utils-51] Simulation object is 'sim_1'
INFO: [USF-XSim-7] Finding pre-compiled libraries...
INFO: [USF-XSim-11] File 'D:/Xilinx/Vivado/2018.2/data/xsim/xsim.ini' copied to run dir:'D:/Xilinx/VivadoProjects/Filter_WaveGenerator/Filter_WaveGenerator.sim/sim_1/behav/xsim'
INFO: [SIM-utils-54] Inspecting design source files for 'tb_Top' in fileset 'sim_1'...
INFO: [SIM-utils-43] Exported 'D:/Xilinx/VivadoProjects/Filter_WaveGenerator/Filter_WaveGenerator.sim/sim_1/behav/xsim/Rom_Sin.mif'
INFO: [SIM-utils-43] Exported 'D:/Xilinx/VivadoProjects/Filter_WaveGenerator/Filter_WaveGenerator.sim/sim_1/behav/xsim/Sin_Wave_Rom.coe'
INFO: [SIM-utils-43] Exported 'D:/Xilinx/VivadoProjects/Filter_WaveGenerator/Filter_WaveGenerator.sim/sim_1/behav/xsim/Rom_Square.mif'
INFO: [SIM-utils-43] Exported 'D:/Xilinx/VivadoProjects/Filter_WaveGenerator/Filter_WaveGenerator.sim/sim_1/behav/xsim/Square_Wave_Rom.coe'
INFO: [SIM-utils-43] Exported 'D:/Xilinx/VivadoProjects/Filter_WaveGenerator/Filter_WaveGenerator.sim/sim_1/behav/xsim/Rom_Triangle.mif'
INFO: [SIM-utils-43] Exported 'D:/Xilinx/VivadoProjects/Filter_WaveGenerator/Filter_WaveGenerator.sim/sim_1/behav/xsim/Triangle_Wave_Rom.coe'
INFO: [USF-XSim-97] Finding global include files...
INFO: [USF-XSim-98] Fetching design files from 'sim_1'...
INFO: [USF-XSim-2] XSim::Compile design
INFO: [USF-XSim-61] Executing 'COMPILE and ANALYZE' step in 'D:/Xilinx/VivadoProjects/Filter_WaveGenerator/Filter_WaveGenerator.sim/sim_1/behav/xsim'
"xvlog --incr --relax -prj tb_Top_vlog.prj"
INFO: [VRFC 10-2263] Analyzing Verilog file "D:/Xilinx/VivadoProjects/Filter_WaveGenerator/Filter_WaveGenerator.srcs/sources_1/ip/Rom_Triangle/sim/Rom_Triangle.v" into library xil_defaultlib
INFO: [VRFC 10-311] analyzing module Rom_Triangle
INFO: [VRFC 10-2263] Analyzing Verilog file "D:/Xilinx/VivadoProjects/Filter_WaveGenerator/Filter_WaveGenerator.srcs/sources_1/ip/Rom_Square/sim/Rom_Square.v" into library xil_defaultlib
INFO: [VRFC 10-311] analyzing module Rom_Square
INFO: [VRFC 10-2263] Analyzing Verilog file "D:/Xilinx/VivadoProjects/Filter_WaveGenerator/Filter_WaveGenerator.srcs/sources_1/ip/Rom_Sin/sim/Rom_Sin.v" into library xil_defaultlib
INFO: [VRFC 10-311] analyzing module Rom_Sin
INFO: [VRFC 10-2263] Analyzing Verilog file "D:/Xilinx/VivadoProjects/Filter_WaveGenerator/Filter_WaveGenerator.srcs/sources_1/imports/new/DDS_Addr_Generator.v" into library xil_defaultlib
INFO: [VRFC 10-311] analyzing module DDS_Addr_Generator
INFO: [VRFC 10-2263] Analyzing Verilog file "D:/Xilinx/VivadoProjects/Filter_WaveGenerator/Filter_WaveGenerator.srcs/sources_1/imports/new/Driver_DAC.v" into library xil_defaultlib
INFO: [VRFC 10-311] analyzing module Driver_DAC
INFO: [VRFC 10-2263] Analyzing Verilog file "D:/Xilinx/VivadoProjects/Filter_WaveGenerator/Filter_WaveGenerator.srcs/sources_1/new/Filter_WaveGenerator.v" into library xil_defaultlib
INFO: [VRFC 10-311] analyzing module Filter_WaveGenerator
INFO: [VRFC 10-2263] Analyzing Verilog file "D:/Xilinx/VivadoProjects/Filter_WaveGenerator/Filter_WaveGenerator.srcs/sources_1/imports/UART/UART.srcs/sources_1/new/UART.v" into library xil_defaultlib
INFO: [VRFC 10-311] analyzing module UART
INFO: [VRFC 10-2263] Analyzing Verilog file "D:/Xilinx/VivadoProjects/Filter_WaveGenerator/Filter_WaveGenerator.srcs/sources_1/imports/new/clk_division.v" into library xil_defaultlib
INFO: [VRFC 10-311] analyzing module clk_division
INFO: [VRFC 10-2263] Analyzing Verilog file "D:/Xilinx/VivadoProjects/Filter_WaveGenerator/Filter_WaveGenerator.srcs/sources_1/imports/VivadoProjects/fir.v" into library xil_defaultlib
INFO: [VRFC 10-311] analyzing module fir
INFO: [VRFC 10-2263] Analyzing Verilog file "D:/Xilinx/VivadoProjects/Filter_WaveGenerator/Filter_WaveGenerator.srcs/sources_1/imports/UART/UART.srcs/sources_1/imports/rtl/rx_clk_gen.v" into library xil_defaultlib
INFO: [VRFC 10-311] analyzing module rx_clk_gen
INFO: [VRFC 10-2263] Analyzing Verilog file "D:/Xilinx/VivadoProjects/Filter_WaveGenerator/Filter_WaveGenerator.srcs/sources_1/imports/UART/UART.srcs/sources_1/imports/rtl/tx_clk_gen.v" into library xil_defaultlib
INFO: [VRFC 10-311] analyzing module tx_clk_gen
INFO: [VRFC 10-2263] Analyzing Verilog file "D:/Xilinx/VivadoProjects/Filter_WaveGenerator/Filter_WaveGenerator.srcs/sources_1/imports/UART/UART.srcs/sources_1/imports/rtl/uart_frame_rx.v" into library xil_defaultlib
INFO: [VRFC 10-311] analyzing module uart_frame_rx
INFO: [VRFC 10-2263] Analyzing Verilog file "D:/Xilinx/VivadoProjects/Filter_WaveGenerator/Filter_WaveGenerator.srcs/sources_1/imports/UART/UART.srcs/sources_1/imports/rtl/uart_frame_tx.v" into library xil_defaultlib
INFO: [VRFC 10-311] analyzing module uart_frame_tx
INFO: [VRFC 10-2263] Analyzing Verilog file "D:/Xilinx/VivadoProjects/Filter_WaveGenerator/Filter_WaveGenerator.srcs/sim_1/new/tb_Top.v" into library xil_defaultlib
INFO: [VRFC 10-311] analyzing module tb_Top
INFO: [USF-XSim-69] 'compile' step finished in '2' seconds
INFO: [Vivado 12-5698] Checking validity of IPs in the design for the 'XSim' simulator...
INFO: [Vivado 12-5682] Launching behavioral simulation in 'D:/Xilinx/VivadoProjects/Filter_WaveGenerator/Filter_WaveGenerator.sim/sim_1/behav/xsim'
INFO: [Vivado 12-4795] Using compiled simulation libraries for IPs
INFO: [USF-XSim-3] XSim::Elaborate design
INFO: [USF-XSim-61] Executing 'ELABORATE' step in 'D:/Xilinx/VivadoProjects/Filter_WaveGenerator/Filter_WaveGenerator.sim/sim_1/behav/xsim'
Vivado Simulator 2018.2
Copyright 1986-1999, 2001-2018 Xilinx, Inc. All Rights Reserved.
Running: D:/Xilinx/Vivado/2018.2/bin/unwrapped/win64.o/xelab.exe -wto 9f5ed87ab75244418efefae0cd05a944 --incr --debug typical --relax --mt 2 -L blk_mem_gen_v8_4_1 -L xil_defaultlib -L unisims_ver -L unimacro_ver -L secureip -L xpm --snapshot tb_Top_behav xil_defaultlib.tb_Top xil_defaultlib.glbl -log elaborate.log 
Using 2 slave threads.
Starting static elaboration
WARNING: [VRFC 10-278] actual bit length 32 differs from formal bit length 1 for port i_rst [D:/Xilinx/VivadoProjects/Filter_WaveGenerator/Filter_WaveGenerator.srcs/sources_1/new/Filter_WaveGenerator.v:187]
WARNING: [VRFC 10-278] actual bit length 32 differs from formal bit length 31 for port i_clk_mode [D:/Xilinx/VivadoProjects/Filter_WaveGenerator/Filter_WaveGenerator.srcs/sources_1/new/Filter_WaveGenerator.v:188]
WARNING: [VRFC 10-278] actual bit length 32 differs from formal bit length 1 for port DAC_En [D:/Xilinx/VivadoProjects/Filter_WaveGenerator/Filter_WaveGenerator.srcs/sources_1/new/Filter_WaveGenerator.v:195]
WARNING: [VRFC 10-278] actual bit length 32 differs from formal bit length 1 for port i_rst [D:/Xilinx/VivadoProjects/Filter_WaveGenerator/Filter_WaveGenerator.srcs/sources_1/imports/new/DDS_Addr_Generator.v:38]
Completed static elaboration
Starting simulation data flow analysis
Completed simulation data flow analysis
Time Resolution for simulation is 1ps
Compiling module xil_defaultlib.fir
Compiling module xil_defaultlib.tx_clk_gen(BAUD_RATE=115200)
Compiling module xil_defaultlib.uart_frame_tx(BAUD_RATE=115200)
Compiling module xil_defaultlib.rx_clk_gen(CLK_FREQUENCE=1000000...
Compiling module xil_defaultlib.uart_frame_rx(BAUD_RATE=115200)
Compiling module xil_defaultlib.UART
Compiling module xil_defaultlib.clk_division
Compiling module xil_defaultlib.DDS_Addr_Generator
Compiling module blk_mem_gen_v8_4_1.blk_mem_gen_v8_4_1_output_stage(...
Compiling module blk_mem_gen_v8_4_1.blk_mem_gen_v8_4_1_output_stage(...
Compiling module blk_mem_gen_v8_4_1.blk_mem_gen_v8_4_1_softecc_outpu...
Compiling module blk_mem_gen_v8_4_1.blk_mem_gen_v8_4_1_mem_module(C_...
Compiling module blk_mem_gen_v8_4_1.blk_mem_gen_v8_4_1(C_FAMILY="spa...
Compiling module xil_defaultlib.Rom_Sin
Compiling module blk_mem_gen_v8_4_1.blk_mem_gen_v8_4_1_mem_module(C_...
Compiling module blk_mem_gen_v8_4_1.blk_mem_gen_v8_4_1(C_FAMILY="spa...
Compiling module xil_defaultlib.Rom_Square
Compiling module blk_mem_gen_v8_4_1.blk_mem_gen_v8_4_1_mem_module(C_...
Compiling module blk_mem_gen_v8_4_1.blk_mem_gen_v8_4_1(C_FAMILY="spa...
Compiling module xil_defaultlib.Rom_Triangle
Compiling module xil_defaultlib.Driver_DAC
Compiling module xil_defaultlib.Filter_WaveGenerator
Compiling module xil_defaultlib.tb_Top
Compiling module xil_defaultlib.glbl
Built simulation snapshot tb_Top_behav
INFO: [USF-XSim-69] 'elaborate' step finished in '3' seconds
Vivado Simulator 2018.2
Time resolution is 1 ps
 Block Memory Generator module loading initial data...
 Block Memory Generator data initialization complete.
Block Memory Generator module tb_Top.FWG_inst.Driver_DAC0.Sin_Rom.inst.native_mem_module.blk_mem_gen_v8_4_1_inst is using a behavioral model for simulation which will not precisely model memory collision behavior.
 Block Memory Generator module loading initial data...
 Block Memory Generator data initialization complete.
Block Memory Generator module tb_Top.FWG_inst.Driver_DAC0.Square_Rom.inst.native_mem_module.blk_mem_gen_v8_4_1_inst is using a behavioral model for simulation which will not precisely model memory collision behavior.
 Block Memory Generator module loading initial data...
 Block Memory Generator data initialization complete.
Block Memory Generator module tb_Top.FWG_inst.Driver_DAC0.Triangle_Rom.inst.native_mem_module.blk_mem_gen_v8_4_1_inst is using a behavioral model for simulation which will not precisely model memory collision behavior.
relaunch_sim: Time (s): cpu = 00:00:02 ; elapsed = 00:00:10 . Memory (MB): peak = 901.184 ; gain = 0.000
run 10 ms
run: Time (s): cpu = 00:00:02 ; elapsed = 00:00:06 . Memory (MB): peak = 901.184 ; gain = 0.000
relaunch_sim
INFO: [Vivado 12-5698] Checking validity of IPs in the design for the 'XSim' simulator...
INFO: [Vivado 12-5682] Launching behavioral simulation in 'D:/Xilinx/VivadoProjects/Filter_WaveGenerator/Filter_WaveGenerator.sim/sim_1/behav/xsim'
INFO: [Vivado 12-4795] Using compiled simulation libraries for IPs
INFO: [SIM-utils-51] Simulation object is 'sim_1'
INFO: [USF-XSim-7] Finding pre-compiled libraries...
INFO: [USF-XSim-11] File 'D:/Xilinx/Vivado/2018.2/data/xsim/xsim.ini' copied to run dir:'D:/Xilinx/VivadoProjects/Filter_WaveGenerator/Filter_WaveGenerator.sim/sim_1/behav/xsim'
INFO: [SIM-utils-54] Inspecting design source files for 'tb_Top' in fileset 'sim_1'...
INFO: [SIM-utils-43] Exported 'D:/Xilinx/VivadoProjects/Filter_WaveGenerator/Filter_WaveGenerator.sim/sim_1/behav/xsim/Rom_Sin.mif'
INFO: [SIM-utils-43] Exported 'D:/Xilinx/VivadoProjects/Filter_WaveGenerator/Filter_WaveGenerator.sim/sim_1/behav/xsim/Sin_Wave_Rom.coe'
INFO: [SIM-utils-43] Exported 'D:/Xilinx/VivadoProjects/Filter_WaveGenerator/Filter_WaveGenerator.sim/sim_1/behav/xsim/Rom_Square.mif'
INFO: [SIM-utils-43] Exported 'D:/Xilinx/VivadoProjects/Filter_WaveGenerator/Filter_WaveGenerator.sim/sim_1/behav/xsim/Square_Wave_Rom.coe'
INFO: [SIM-utils-43] Exported 'D:/Xilinx/VivadoProjects/Filter_WaveGenerator/Filter_WaveGenerator.sim/sim_1/behav/xsim/Rom_Triangle.mif'
INFO: [SIM-utils-43] Exported 'D:/Xilinx/VivadoProjects/Filter_WaveGenerator/Filter_WaveGenerator.sim/sim_1/behav/xsim/Triangle_Wave_Rom.coe'
INFO: [USF-XSim-97] Finding global include files...
INFO: [USF-XSim-98] Fetching design files from 'sim_1'...
INFO: [USF-XSim-2] XSim::Compile design
INFO: [USF-XSim-61] Executing 'COMPILE and ANALYZE' step in 'D:/Xilinx/VivadoProjects/Filter_WaveGenerator/Filter_WaveGenerator.sim/sim_1/behav/xsim'
"xvlog --incr --relax -prj tb_Top_vlog.prj"
INFO: [VRFC 10-2263] Analyzing Verilog file "D:/Xilinx/VivadoProjects/Filter_WaveGenerator/Filter_WaveGenerator.srcs/sources_1/ip/Rom_Triangle/sim/Rom_Triangle.v" into library xil_defaultlib
INFO: [VRFC 10-311] analyzing module Rom_Triangle
INFO: [VRFC 10-2263] Analyzing Verilog file "D:/Xilinx/VivadoProjects/Filter_WaveGenerator/Filter_WaveGenerator.srcs/sources_1/ip/Rom_Square/sim/Rom_Square.v" into library xil_defaultlib
INFO: [VRFC 10-311] analyzing module Rom_Square
INFO: [VRFC 10-2263] Analyzing Verilog file "D:/Xilinx/VivadoProjects/Filter_WaveGenerator/Filter_WaveGenerator.srcs/sources_1/ip/Rom_Sin/sim/Rom_Sin.v" into library xil_defaultlib
INFO: [VRFC 10-311] analyzing module Rom_Sin
INFO: [VRFC 10-2263] Analyzing Verilog file "D:/Xilinx/VivadoProjects/Filter_WaveGenerator/Filter_WaveGenerator.srcs/sources_1/imports/new/DDS_Addr_Generator.v" into library xil_defaultlib
INFO: [VRFC 10-311] analyzing module DDS_Addr_Generator
INFO: [VRFC 10-2263] Analyzing Verilog file "D:/Xilinx/VivadoProjects/Filter_WaveGenerator/Filter_WaveGenerator.srcs/sources_1/imports/new/Driver_DAC.v" into library xil_defaultlib
INFO: [VRFC 10-311] analyzing module Driver_DAC
INFO: [VRFC 10-2263] Analyzing Verilog file "D:/Xilinx/VivadoProjects/Filter_WaveGenerator/Filter_WaveGenerator.srcs/sources_1/new/Filter_WaveGenerator.v" into library xil_defaultlib
INFO: [VRFC 10-311] analyzing module Filter_WaveGenerator
INFO: [VRFC 10-2263] Analyzing Verilog file "D:/Xilinx/VivadoProjects/Filter_WaveGenerator/Filter_WaveGenerator.srcs/sources_1/imports/UART/UART.srcs/sources_1/new/UART.v" into library xil_defaultlib
INFO: [VRFC 10-311] analyzing module UART
INFO: [VRFC 10-2263] Analyzing Verilog file "D:/Xilinx/VivadoProjects/Filter_WaveGenerator/Filter_WaveGenerator.srcs/sources_1/imports/new/clk_division.v" into library xil_defaultlib
INFO: [VRFC 10-311] analyzing module clk_division
INFO: [VRFC 10-2263] Analyzing Verilog file "D:/Xilinx/VivadoProjects/Filter_WaveGenerator/Filter_WaveGenerator.srcs/sources_1/imports/VivadoProjects/fir.v" into library xil_defaultlib
INFO: [VRFC 10-311] analyzing module fir
INFO: [VRFC 10-2263] Analyzing Verilog file "D:/Xilinx/VivadoProjects/Filter_WaveGenerator/Filter_WaveGenerator.srcs/sources_1/imports/UART/UART.srcs/sources_1/imports/rtl/rx_clk_gen.v" into library xil_defaultlib
INFO: [VRFC 10-311] analyzing module rx_clk_gen
INFO: [VRFC 10-2263] Analyzing Verilog file "D:/Xilinx/VivadoProjects/Filter_WaveGenerator/Filter_WaveGenerator.srcs/sources_1/imports/UART/UART.srcs/sources_1/imports/rtl/tx_clk_gen.v" into library xil_defaultlib
INFO: [VRFC 10-311] analyzing module tx_clk_gen
INFO: [VRFC 10-2263] Analyzing Verilog file "D:/Xilinx/VivadoProjects/Filter_WaveGenerator/Filter_WaveGenerator.srcs/sources_1/imports/UART/UART.srcs/sources_1/imports/rtl/uart_frame_rx.v" into library xil_defaultlib
INFO: [VRFC 10-311] analyzing module uart_frame_rx
INFO: [VRFC 10-2263] Analyzing Verilog file "D:/Xilinx/VivadoProjects/Filter_WaveGenerator/Filter_WaveGenerator.srcs/sources_1/imports/UART/UART.srcs/sources_1/imports/rtl/uart_frame_tx.v" into library xil_defaultlib
INFO: [VRFC 10-311] analyzing module uart_frame_tx
INFO: [VRFC 10-2263] Analyzing Verilog file "D:/Xilinx/VivadoProjects/Filter_WaveGenerator/Filter_WaveGenerator.srcs/sim_1/new/tb_Top.v" into library xil_defaultlib
INFO: [VRFC 10-311] analyzing module tb_Top
INFO: [USF-XSim-69] 'compile' step finished in '1' seconds
INFO: [Vivado 12-5698] Checking validity of IPs in the design for the 'XSim' simulator...
INFO: [Vivado 12-5682] Launching behavioral simulation in 'D:/Xilinx/VivadoProjects/Filter_WaveGenerator/Filter_WaveGenerator.sim/sim_1/behav/xsim'
INFO: [Vivado 12-4795] Using compiled simulation libraries for IPs
INFO: [USF-XSim-3] XSim::Elaborate design
INFO: [USF-XSim-61] Executing 'ELABORATE' step in 'D:/Xilinx/VivadoProjects/Filter_WaveGenerator/Filter_WaveGenerator.sim/sim_1/behav/xsim'
Vivado Simulator 2018.2
Copyright 1986-1999, 2001-2018 Xilinx, Inc. All Rights Reserved.
Running: D:/Xilinx/Vivado/2018.2/bin/unwrapped/win64.o/xelab.exe -wto 9f5ed87ab75244418efefae0cd05a944 --incr --debug typical --relax --mt 2 -L blk_mem_gen_v8_4_1 -L xil_defaultlib -L unisims_ver -L unimacro_ver -L secureip -L xpm --snapshot tb_Top_behav xil_defaultlib.tb_Top xil_defaultlib.glbl -log elaborate.log 
Using 2 slave threads.
Starting static elaboration
WARNING: [VRFC 10-278] actual bit length 32 differs from formal bit length 1 for port i_rst [D:/Xilinx/VivadoProjects/Filter_WaveGenerator/Filter_WaveGenerator.srcs/sources_1/new/Filter_WaveGenerator.v:187]
WARNING: [VRFC 10-278] actual bit length 32 differs from formal bit length 31 for port i_clk_mode [D:/Xilinx/VivadoProjects/Filter_WaveGenerator/Filter_WaveGenerator.srcs/sources_1/new/Filter_WaveGenerator.v:188]
WARNING: [VRFC 10-278] actual bit length 32 differs from formal bit length 1 for port DAC_En [D:/Xilinx/VivadoProjects/Filter_WaveGenerator/Filter_WaveGenerator.srcs/sources_1/new/Filter_WaveGenerator.v:195]
WARNING: [VRFC 10-278] actual bit length 32 differs from formal bit length 1 for port i_rst [D:/Xilinx/VivadoProjects/Filter_WaveGenerator/Filter_WaveGenerator.srcs/sources_1/imports/new/DDS_Addr_Generator.v:38]
Completed static elaboration
Starting simulation data flow analysis
Completed simulation data flow analysis
Time Resolution for simulation is 1ps
Compiling module xil_defaultlib.fir
Compiling module xil_defaultlib.tx_clk_gen(BAUD_RATE=115200)
Compiling module xil_defaultlib.uart_frame_tx(BAUD_RATE=115200)
Compiling module xil_defaultlib.rx_clk_gen(CLK_FREQUENCE=1000000...
Compiling module xil_defaultlib.uart_frame_rx(BAUD_RATE=115200)
Compiling module xil_defaultlib.UART
Compiling module xil_defaultlib.clk_division
Compiling module xil_defaultlib.DDS_Addr_Generator
Compiling module blk_mem_gen_v8_4_1.blk_mem_gen_v8_4_1_output_stage(...
Compiling module blk_mem_gen_v8_4_1.blk_mem_gen_v8_4_1_output_stage(...
Compiling module blk_mem_gen_v8_4_1.blk_mem_gen_v8_4_1_softecc_outpu...
Compiling module blk_mem_gen_v8_4_1.blk_mem_gen_v8_4_1_mem_module(C_...
Compiling module blk_mem_gen_v8_4_1.blk_mem_gen_v8_4_1(C_FAMILY="spa...
Compiling module xil_defaultlib.Rom_Sin
Compiling module blk_mem_gen_v8_4_1.blk_mem_gen_v8_4_1_mem_module(C_...
Compiling module blk_mem_gen_v8_4_1.blk_mem_gen_v8_4_1(C_FAMILY="spa...
Compiling module xil_defaultlib.Rom_Square
Compiling module blk_mem_gen_v8_4_1.blk_mem_gen_v8_4_1_mem_module(C_...
Compiling module blk_mem_gen_v8_4_1.blk_mem_gen_v8_4_1(C_FAMILY="spa...
Compiling module xil_defaultlib.Rom_Triangle
Compiling module xil_defaultlib.Driver_DAC
Compiling module xil_defaultlib.Filter_WaveGenerator
Compiling module xil_defaultlib.tb_Top
Compiling module xil_defaultlib.glbl
Built simulation snapshot tb_Top_behav
INFO: [USF-XSim-69] 'elaborate' step finished in '4' seconds
Vivado Simulator 2018.2
Time resolution is 1 ps
 Block Memory Generator module loading initial data...
 Block Memory Generator data initialization complete.
Block Memory Generator module tb_Top.FWG_inst.Driver_DAC0.Sin_Rom.inst.native_mem_module.blk_mem_gen_v8_4_1_inst is using a behavioral model for simulation which will not precisely model memory collision behavior.
 Block Memory Generator module loading initial data...
 Block Memory Generator data initialization complete.
Block Memory Generator module tb_Top.FWG_inst.Driver_DAC0.Square_Rom.inst.native_mem_module.blk_mem_gen_v8_4_1_inst is using a behavioral model for simulation which will not precisely model memory collision behavior.
 Block Memory Generator module loading initial data...
 Block Memory Generator data initialization complete.
Block Memory Generator module tb_Top.FWG_inst.Driver_DAC0.Triangle_Rom.inst.native_mem_module.blk_mem_gen_v8_4_1_inst is using a behavioral model for simulation which will not precisely model memory collision behavior.
relaunch_sim: Time (s): cpu = 00:00:03 ; elapsed = 00:00:08 . Memory (MB): peak = 902.078 ; gain = 0.000
relaunch_sim
INFO: [Vivado 12-5698] Checking validity of IPs in the design for the 'XSim' simulator...
INFO: [Vivado 12-5682] Launching behavioral simulation in 'D:/Xilinx/VivadoProjects/Filter_WaveGenerator/Filter_WaveGenerator.sim/sim_1/behav/xsim'
INFO: [Vivado 12-4795] Using compiled simulation libraries for IPs
INFO: [SIM-utils-51] Simulation object is 'sim_1'
INFO: [USF-XSim-7] Finding pre-compiled libraries...
INFO: [USF-XSim-11] File 'D:/Xilinx/Vivado/2018.2/data/xsim/xsim.ini' copied to run dir:'D:/Xilinx/VivadoProjects/Filter_WaveGenerator/Filter_WaveGenerator.sim/sim_1/behav/xsim'
INFO: [SIM-utils-54] Inspecting design source files for 'tb_Top' in fileset 'sim_1'...
INFO: [SIM-utils-43] Exported 'D:/Xilinx/VivadoProjects/Filter_WaveGenerator/Filter_WaveGenerator.sim/sim_1/behav/xsim/Rom_Sin.mif'
INFO: [SIM-utils-43] Exported 'D:/Xilinx/VivadoProjects/Filter_WaveGenerator/Filter_WaveGenerator.sim/sim_1/behav/xsim/Sin_Wave_Rom.coe'
INFO: [SIM-utils-43] Exported 'D:/Xilinx/VivadoProjects/Filter_WaveGenerator/Filter_WaveGenerator.sim/sim_1/behav/xsim/Rom_Square.mif'
INFO: [SIM-utils-43] Exported 'D:/Xilinx/VivadoProjects/Filter_WaveGenerator/Filter_WaveGenerator.sim/sim_1/behav/xsim/Square_Wave_Rom.coe'
INFO: [SIM-utils-43] Exported 'D:/Xilinx/VivadoProjects/Filter_WaveGenerator/Filter_WaveGenerator.sim/sim_1/behav/xsim/Rom_Triangle.mif'
INFO: [SIM-utils-43] Exported 'D:/Xilinx/VivadoProjects/Filter_WaveGenerator/Filter_WaveGenerator.sim/sim_1/behav/xsim/Triangle_Wave_Rom.coe'
INFO: [USF-XSim-97] Finding global include files...
INFO: [USF-XSim-98] Fetching design files from 'sim_1'...
INFO: [USF-XSim-2] XSim::Compile design
INFO: [USF-XSim-61] Executing 'COMPILE and ANALYZE' step in 'D:/Xilinx/VivadoProjects/Filter_WaveGenerator/Filter_WaveGenerator.sim/sim_1/behav/xsim'
"xvlog --incr --relax -prj tb_Top_vlog.prj"
INFO: [USF-XSim-69] 'compile' step finished in '2' seconds
INFO: [Vivado 12-5698] Checking validity of IPs in the design for the 'XSim' simulator...
INFO: [Vivado 12-5682] Launching behavioral simulation in 'D:/Xilinx/VivadoProjects/Filter_WaveGenerator/Filter_WaveGenerator.sim/sim_1/behav/xsim'
INFO: [Vivado 12-4795] Using compiled simulation libraries for IPs
INFO: [USF-XSim-3] XSim::Elaborate design
INFO: [USF-XSim-61] Executing 'ELABORATE' step in 'D:/Xilinx/VivadoProjects/Filter_WaveGenerator/Filter_WaveGenerator.sim/sim_1/behav/xsim'
Vivado Simulator 2018.2
Copyright 1986-1999, 2001-2018 Xilinx, Inc. All Rights Reserved.
Running: D:/Xilinx/Vivado/2018.2/bin/unwrapped/win64.o/xelab.exe -wto 9f5ed87ab75244418efefae0cd05a944 --incr --debug typical --relax --mt 2 -L blk_mem_gen_v8_4_1 -L xil_defaultlib -L unisims_ver -L unimacro_ver -L secureip -L xpm --snapshot tb_Top_behav xil_defaultlib.tb_Top xil_defaultlib.glbl -log elaborate.log 
Using 2 slave threads.
Starting static elaboration
WARNING: [VRFC 10-278] actual bit length 32 differs from formal bit length 1 for port i_rst [D:/Xilinx/VivadoProjects/Filter_WaveGenerator/Filter_WaveGenerator.srcs/sources_1/new/Filter_WaveGenerator.v:187]
WARNING: [VRFC 10-278] actual bit length 32 differs from formal bit length 31 for port i_clk_mode [D:/Xilinx/VivadoProjects/Filter_WaveGenerator/Filter_WaveGenerator.srcs/sources_1/new/Filter_WaveGenerator.v:188]
WARNING: [VRFC 10-278] actual bit length 32 differs from formal bit length 1 for port DAC_En [D:/Xilinx/VivadoProjects/Filter_WaveGenerator/Filter_WaveGenerator.srcs/sources_1/new/Filter_WaveGenerator.v:195]
WARNING: [VRFC 10-278] actual bit length 32 differs from formal bit length 1 for port i_rst [D:/Xilinx/VivadoProjects/Filter_WaveGenerator/Filter_WaveGenerator.srcs/sources_1/imports/new/DDS_Addr_Generator.v:38]
Completed static elaboration
INFO: [XSIM 43-4323] No Change in HDL. Linking previously generated obj files to create kernel
INFO: [USF-XSim-69] 'elaborate' step finished in '2' seconds
Vivado Simulator 2018.2
Time resolution is 1 ps
 Block Memory Generator module loading initial data...
 Block Memory Generator data initialization complete.
Block Memory Generator module tb_Top.FWG_inst.Driver_DAC0.Sin_Rom.inst.native_mem_module.blk_mem_gen_v8_4_1_inst is using a behavioral model for simulation which will not precisely model memory collision behavior.
 Block Memory Generator module loading initial data...
 Block Memory Generator data initialization complete.
Block Memory Generator module tb_Top.FWG_inst.Driver_DAC0.Square_Rom.inst.native_mem_module.blk_mem_gen_v8_4_1_inst is using a behavioral model for simulation which will not precisely model memory collision behavior.
 Block Memory Generator module loading initial data...
 Block Memory Generator data initialization complete.
Block Memory Generator module tb_Top.FWG_inst.Driver_DAC0.Triangle_Rom.inst.native_mem_module.blk_mem_gen_v8_4_1_inst is using a behavioral model for simulation which will not precisely model memory collision behavior.
relaunch_sim: Time (s): cpu = 00:00:01 ; elapsed = 00:00:07 . Memory (MB): peak = 902.078 ; gain = 0.000
run 10 ms
run: Time (s): cpu = 00:00:03 ; elapsed = 00:00:08 . Memory (MB): peak = 902.078 ; gain = 0.000
relaunch_sim
INFO: [Vivado 12-5698] Checking validity of IPs in the design for the 'XSim' simulator...
INFO: [Vivado 12-5682] Launching behavioral simulation in 'D:/Xilinx/VivadoProjects/Filter_WaveGenerator/Filter_WaveGenerator.sim/sim_1/behav/xsim'
INFO: [Vivado 12-4795] Using compiled simulation libraries for IPs
INFO: [SIM-utils-51] Simulation object is 'sim_1'
INFO: [USF-XSim-7] Finding pre-compiled libraries...
INFO: [USF-XSim-11] File 'D:/Xilinx/Vivado/2018.2/data/xsim/xsim.ini' copied to run dir:'D:/Xilinx/VivadoProjects/Filter_WaveGenerator/Filter_WaveGenerator.sim/sim_1/behav/xsim'
INFO: [SIM-utils-54] Inspecting design source files for 'tb_Top' in fileset 'sim_1'...
INFO: [SIM-utils-43] Exported 'D:/Xilinx/VivadoProjects/Filter_WaveGenerator/Filter_WaveGenerator.sim/sim_1/behav/xsim/Rom_Sin.mif'
INFO: [SIM-utils-43] Exported 'D:/Xilinx/VivadoProjects/Filter_WaveGenerator/Filter_WaveGenerator.sim/sim_1/behav/xsim/Sin_Wave_Rom.coe'
INFO: [SIM-utils-43] Exported 'D:/Xilinx/VivadoProjects/Filter_WaveGenerator/Filter_WaveGenerator.sim/sim_1/behav/xsim/Rom_Square.mif'
INFO: [SIM-utils-43] Exported 'D:/Xilinx/VivadoProjects/Filter_WaveGenerator/Filter_WaveGenerator.sim/sim_1/behav/xsim/Square_Wave_Rom.coe'
INFO: [SIM-utils-43] Exported 'D:/Xilinx/VivadoProjects/Filter_WaveGenerator/Filter_WaveGenerator.sim/sim_1/behav/xsim/Rom_Triangle.mif'
INFO: [SIM-utils-43] Exported 'D:/Xilinx/VivadoProjects/Filter_WaveGenerator/Filter_WaveGenerator.sim/sim_1/behav/xsim/Triangle_Wave_Rom.coe'
INFO: [USF-XSim-97] Finding global include files...
INFO: [USF-XSim-98] Fetching design files from 'sim_1'...
INFO: [USF-XSim-2] XSim::Compile design
INFO: [USF-XSim-61] Executing 'COMPILE and ANALYZE' step in 'D:/Xilinx/VivadoProjects/Filter_WaveGenerator/Filter_WaveGenerator.sim/sim_1/behav/xsim'
"xvlog --incr --relax -prj tb_Top_vlog.prj"
INFO: [VRFC 10-2263] Analyzing Verilog file "D:/Xilinx/VivadoProjects/Filter_WaveGenerator/Filter_WaveGenerator.srcs/sources_1/ip/Rom_Triangle/sim/Rom_Triangle.v" into library xil_defaultlib
INFO: [VRFC 10-311] analyzing module Rom_Triangle
INFO: [VRFC 10-2263] Analyzing Verilog file "D:/Xilinx/VivadoProjects/Filter_WaveGenerator/Filter_WaveGenerator.srcs/sources_1/ip/Rom_Square/sim/Rom_Square.v" into library xil_defaultlib
INFO: [VRFC 10-311] analyzing module Rom_Square
INFO: [VRFC 10-2263] Analyzing Verilog file "D:/Xilinx/VivadoProjects/Filter_WaveGenerator/Filter_WaveGenerator.srcs/sources_1/ip/Rom_Sin/sim/Rom_Sin.v" into library xil_defaultlib
INFO: [VRFC 10-311] analyzing module Rom_Sin
INFO: [VRFC 10-2263] Analyzing Verilog file "D:/Xilinx/VivadoProjects/Filter_WaveGenerator/Filter_WaveGenerator.srcs/sources_1/imports/new/DDS_Addr_Generator.v" into library xil_defaultlib
INFO: [VRFC 10-311] analyzing module DDS_Addr_Generator
INFO: [VRFC 10-2263] Analyzing Verilog file "D:/Xilinx/VivadoProjects/Filter_WaveGenerator/Filter_WaveGenerator.srcs/sources_1/imports/new/Driver_DAC.v" into library xil_defaultlib
INFO: [VRFC 10-311] analyzing module Driver_DAC
INFO: [VRFC 10-2263] Analyzing Verilog file "D:/Xilinx/VivadoProjects/Filter_WaveGenerator/Filter_WaveGenerator.srcs/sources_1/new/Filter_WaveGenerator.v" into library xil_defaultlib
INFO: [VRFC 10-311] analyzing module Filter_WaveGenerator
INFO: [VRFC 10-2263] Analyzing Verilog file "D:/Xilinx/VivadoProjects/Filter_WaveGenerator/Filter_WaveGenerator.srcs/sources_1/imports/UART/UART.srcs/sources_1/new/UART.v" into library xil_defaultlib
INFO: [VRFC 10-311] analyzing module UART
INFO: [VRFC 10-2263] Analyzing Verilog file "D:/Xilinx/VivadoProjects/Filter_WaveGenerator/Filter_WaveGenerator.srcs/sources_1/imports/new/clk_division.v" into library xil_defaultlib
INFO: [VRFC 10-311] analyzing module clk_division
INFO: [VRFC 10-2263] Analyzing Verilog file "D:/Xilinx/VivadoProjects/Filter_WaveGenerator/Filter_WaveGenerator.srcs/sources_1/imports/VivadoProjects/fir.v" into library xil_defaultlib
INFO: [VRFC 10-311] analyzing module fir
INFO: [VRFC 10-2263] Analyzing Verilog file "D:/Xilinx/VivadoProjects/Filter_WaveGenerator/Filter_WaveGenerator.srcs/sources_1/imports/UART/UART.srcs/sources_1/imports/rtl/rx_clk_gen.v" into library xil_defaultlib
INFO: [VRFC 10-311] analyzing module rx_clk_gen
INFO: [VRFC 10-2263] Analyzing Verilog file "D:/Xilinx/VivadoProjects/Filter_WaveGenerator/Filter_WaveGenerator.srcs/sources_1/imports/UART/UART.srcs/sources_1/imports/rtl/tx_clk_gen.v" into library xil_defaultlib
INFO: [VRFC 10-311] analyzing module tx_clk_gen
INFO: [VRFC 10-2263] Analyzing Verilog file "D:/Xilinx/VivadoProjects/Filter_WaveGenerator/Filter_WaveGenerator.srcs/sources_1/imports/UART/UART.srcs/sources_1/imports/rtl/uart_frame_rx.v" into library xil_defaultlib
INFO: [VRFC 10-311] analyzing module uart_frame_rx
INFO: [VRFC 10-2263] Analyzing Verilog file "D:/Xilinx/VivadoProjects/Filter_WaveGenerator/Filter_WaveGenerator.srcs/sources_1/imports/UART/UART.srcs/sources_1/imports/rtl/uart_frame_tx.v" into library xil_defaultlib
INFO: [VRFC 10-311] analyzing module uart_frame_tx
INFO: [VRFC 10-2263] Analyzing Verilog file "D:/Xilinx/VivadoProjects/Filter_WaveGenerator/Filter_WaveGenerator.srcs/sim_1/new/tb_Top.v" into library xil_defaultlib
INFO: [VRFC 10-311] analyzing module tb_Top
INFO: [USF-XSim-69] 'compile' step finished in '2' seconds
INFO: [Vivado 12-5698] Checking validity of IPs in the design for the 'XSim' simulator...
INFO: [Vivado 12-5682] Launching behavioral simulation in 'D:/Xilinx/VivadoProjects/Filter_WaveGenerator/Filter_WaveGenerator.sim/sim_1/behav/xsim'
INFO: [Vivado 12-4795] Using compiled simulation libraries for IPs
INFO: [USF-XSim-3] XSim::Elaborate design
INFO: [USF-XSim-61] Executing 'ELABORATE' step in 'D:/Xilinx/VivadoProjects/Filter_WaveGenerator/Filter_WaveGenerator.sim/sim_1/behav/xsim'
Vivado Simulator 2018.2
Copyright 1986-1999, 2001-2018 Xilinx, Inc. All Rights Reserved.
Running: D:/Xilinx/Vivado/2018.2/bin/unwrapped/win64.o/xelab.exe -wto 9f5ed87ab75244418efefae0cd05a944 --incr --debug typical --relax --mt 2 -L blk_mem_gen_v8_4_1 -L xil_defaultlib -L unisims_ver -L unimacro_ver -L secureip -L xpm --snapshot tb_Top_behav xil_defaultlib.tb_Top xil_defaultlib.glbl -log elaborate.log 
Using 2 slave threads.
Starting static elaboration
WARNING: [VRFC 10-278] actual bit length 32 differs from formal bit length 1 for port i_rst [D:/Xilinx/VivadoProjects/Filter_WaveGenerator/Filter_WaveGenerator.srcs/sources_1/new/Filter_WaveGenerator.v:187]
WARNING: [VRFC 10-278] actual bit length 32 differs from formal bit length 31 for port i_clk_mode [D:/Xilinx/VivadoProjects/Filter_WaveGenerator/Filter_WaveGenerator.srcs/sources_1/new/Filter_WaveGenerator.v:188]
WARNING: [VRFC 10-278] actual bit length 32 differs from formal bit length 1 for port DAC_En [D:/Xilinx/VivadoProjects/Filter_WaveGenerator/Filter_WaveGenerator.srcs/sources_1/new/Filter_WaveGenerator.v:195]
WARNING: [VRFC 10-278] actual bit length 32 differs from formal bit length 1 for port i_rst [D:/Xilinx/VivadoProjects/Filter_WaveGenerator/Filter_WaveGenerator.srcs/sources_1/imports/new/DDS_Addr_Generator.v:38]
Completed static elaboration
Starting simulation data flow analysis
Completed simulation data flow analysis
Time Resolution for simulation is 1ps
Compiling module xil_defaultlib.fir
Compiling module xil_defaultlib.tx_clk_gen(BAUD_RATE=115200)
Compiling module xil_defaultlib.uart_frame_tx(BAUD_RATE=115200)
Compiling module xil_defaultlib.rx_clk_gen(CLK_FREQUENCE=1000000...
Compiling module xil_defaultlib.uart_frame_rx(BAUD_RATE=115200)
Compiling module xil_defaultlib.UART
Compiling module xil_defaultlib.clk_division
Compiling module xil_defaultlib.DDS_Addr_Generator
Compiling module blk_mem_gen_v8_4_1.blk_mem_gen_v8_4_1_output_stage(...
Compiling module blk_mem_gen_v8_4_1.blk_mem_gen_v8_4_1_output_stage(...
Compiling module blk_mem_gen_v8_4_1.blk_mem_gen_v8_4_1_softecc_outpu...
Compiling module blk_mem_gen_v8_4_1.blk_mem_gen_v8_4_1_mem_module(C_...
Compiling module blk_mem_gen_v8_4_1.blk_mem_gen_v8_4_1(C_FAMILY="spa...
Compiling module xil_defaultlib.Rom_Sin
Compiling module blk_mem_gen_v8_4_1.blk_mem_gen_v8_4_1_mem_module(C_...
Compiling module blk_mem_gen_v8_4_1.blk_mem_gen_v8_4_1(C_FAMILY="spa...
Compiling module xil_defaultlib.Rom_Square
Compiling module blk_mem_gen_v8_4_1.blk_mem_gen_v8_4_1_mem_module(C_...
Compiling module blk_mem_gen_v8_4_1.blk_mem_gen_v8_4_1(C_FAMILY="spa...
Compiling module xil_defaultlib.Rom_Triangle
Compiling module xil_defaultlib.Driver_DAC
Compiling module xil_defaultlib.Filter_WaveGenerator
Compiling module xil_defaultlib.tb_Top
Compiling module xil_defaultlib.glbl
Built simulation snapshot tb_Top_behav
INFO: [USF-XSim-69] 'elaborate' step finished in '4' seconds
Vivado Simulator 2018.2
Time resolution is 1 ps
 Block Memory Generator module loading initial data...
 Block Memory Generator data initialization complete.
Block Memory Generator module tb_Top.FWG_inst.Driver_DAC0.Sin_Rom.inst.native_mem_module.blk_mem_gen_v8_4_1_inst is using a behavioral model for simulation which will not precisely model memory collision behavior.
 Block Memory Generator module loading initial data...
 Block Memory Generator data initialization complete.
Block Memory Generator module tb_Top.FWG_inst.Driver_DAC0.Square_Rom.inst.native_mem_module.blk_mem_gen_v8_4_1_inst is using a behavioral model for simulation which will not precisely model memory collision behavior.
 Block Memory Generator module loading initial data...
 Block Memory Generator data initialization complete.
Block Memory Generator module tb_Top.FWG_inst.Driver_DAC0.Triangle_Rom.inst.native_mem_module.blk_mem_gen_v8_4_1_inst is using a behavioral model for simulation which will not precisely model memory collision behavior.
relaunch_sim: Time (s): cpu = 00:00:01 ; elapsed = 00:00:08 . Memory (MB): peak = 902.078 ; gain = 0.000
run 10 ms
run: Time (s): cpu = 00:00:03 ; elapsed = 00:00:06 . Memory (MB): peak = 905.105 ; gain = 2.371
set_property top tb_UART [get_filesets sim_1]
set_property top_lib xil_defaultlib [get_filesets sim_1]
update_compile_order -fileset sim_1
close_sim
INFO: [Simtcl 6-16] Simulation closed
close_sim: Time (s): cpu = 00:00:01 ; elapsed = 00:00:06 . Memory (MB): peak = 909.777 ; gain = 0.000
launch_simulation
INFO: [Vivado 12-5698] Checking validity of IPs in the design for the 'XSim' simulator...
INFO: [Vivado 12-5682] Launching behavioral simulation in 'D:/Xilinx/VivadoProjects/Filter_WaveGenerator/Filter_WaveGenerator.sim/sim_1/behav/xsim'
INFO: [Vivado 12-4795] Using compiled simulation libraries for IPs
INFO: [SIM-utils-51] Simulation object is 'sim_1'
INFO: [USF-XSim-7] Finding pre-compiled libraries...
INFO: [USF-XSim-11] File 'D:/Xilinx/Vivado/2018.2/data/xsim/xsim.ini' copied to run dir:'D:/Xilinx/VivadoProjects/Filter_WaveGenerator/Filter_WaveGenerator.sim/sim_1/behav/xsim'
INFO: [SIM-utils-54] Inspecting design source files for 'tb_UART' in fileset 'sim_1'...
INFO: [SIM-utils-43] Exported 'D:/Xilinx/VivadoProjects/Filter_WaveGenerator/Filter_WaveGenerator.sim/sim_1/behav/xsim/Rom_Sin.mif'
INFO: [SIM-utils-43] Exported 'D:/Xilinx/VivadoProjects/Filter_WaveGenerator/Filter_WaveGenerator.sim/sim_1/behav/xsim/Sin_Wave_Rom.coe'
INFO: [SIM-utils-43] Exported 'D:/Xilinx/VivadoProjects/Filter_WaveGenerator/Filter_WaveGenerator.sim/sim_1/behav/xsim/Rom_Square.mif'
INFO: [SIM-utils-43] Exported 'D:/Xilinx/VivadoProjects/Filter_WaveGenerator/Filter_WaveGenerator.sim/sim_1/behav/xsim/Square_Wave_Rom.coe'
INFO: [SIM-utils-43] Exported 'D:/Xilinx/VivadoProjects/Filter_WaveGenerator/Filter_WaveGenerator.sim/sim_1/behav/xsim/Rom_Triangle.mif'
INFO: [SIM-utils-43] Exported 'D:/Xilinx/VivadoProjects/Filter_WaveGenerator/Filter_WaveGenerator.sim/sim_1/behav/xsim/Triangle_Wave_Rom.coe'
INFO: [USF-XSim-97] Finding global include files...
INFO: [USF-XSim-98] Fetching design files from 'sim_1'...
INFO: [USF-XSim-2] XSim::Compile design
INFO: [USF-XSim-61] Executing 'COMPILE and ANALYZE' step in 'D:/Xilinx/VivadoProjects/Filter_WaveGenerator/Filter_WaveGenerator.sim/sim_1/behav/xsim'
"xvlog --incr --relax -prj tb_UART_vlog.prj"
INFO: [VRFC 10-2263] Analyzing Verilog file "D:/Xilinx/VivadoProjects/Filter_WaveGenerator/Filter_WaveGenerator.srcs/sources_1/imports/UART/UART.srcs/sources_1/new/UART.v" into library xil_defaultlib
INFO: [VRFC 10-311] analyzing module UART
INFO: [VRFC 10-2263] Analyzing Verilog file "D:/Xilinx/VivadoProjects/Filter_WaveGenerator/Filter_WaveGenerator.srcs/sources_1/imports/UART/UART.srcs/sources_1/imports/rtl/rx_clk_gen.v" into library xil_defaultlib
INFO: [VRFC 10-311] analyzing module rx_clk_gen
INFO: [VRFC 10-2263] Analyzing Verilog file "D:/Xilinx/VivadoProjects/Filter_WaveGenerator/Filter_WaveGenerator.srcs/sources_1/imports/UART/UART.srcs/sources_1/imports/rtl/tx_clk_gen.v" into library xil_defaultlib
INFO: [VRFC 10-311] analyzing module tx_clk_gen
INFO: [VRFC 10-2263] Analyzing Verilog file "D:/Xilinx/VivadoProjects/Filter_WaveGenerator/Filter_WaveGenerator.srcs/sources_1/imports/UART/UART.srcs/sources_1/imports/rtl/uart_frame_rx.v" into library xil_defaultlib
INFO: [VRFC 10-311] analyzing module uart_frame_rx
INFO: [VRFC 10-2263] Analyzing Verilog file "D:/Xilinx/VivadoProjects/Filter_WaveGenerator/Filter_WaveGenerator.srcs/sources_1/imports/UART/UART.srcs/sources_1/imports/rtl/uart_frame_tx.v" into library xil_defaultlib
INFO: [VRFC 10-311] analyzing module uart_frame_tx
INFO: [VRFC 10-2263] Analyzing Verilog file "D:/Xilinx/VivadoProjects/Filter_WaveGenerator/Filter_WaveGenerator.srcs/sources_1/imports/UART/UART.srcs/sim_1/new/tb_UART.v" into library xil_defaultlib
INFO: [VRFC 10-311] analyzing module tb_UART
INFO: [USF-XSim-69] 'compile' step finished in '2' seconds
INFO: [USF-XSim-3] XSim::Elaborate design
INFO: [USF-XSim-61] Executing 'ELABORATE' step in 'D:/Xilinx/VivadoProjects/Filter_WaveGenerator/Filter_WaveGenerator.sim/sim_1/behav/xsim'
Vivado Simulator 2018.2
Copyright 1986-1999, 2001-2018 Xilinx, Inc. All Rights Reserved.
Running: D:/Xilinx/Vivado/2018.2/bin/unwrapped/win64.o/xelab.exe -wto 9f5ed87ab75244418efefae0cd05a944 --incr --debug typical --relax --mt 2 -L xil_defaultlib -L unisims_ver -L unimacro_ver -L secureip -L xpm --snapshot tb_UART_behav xil_defaultlib.tb_UART xil_defaultlib.glbl -log elaborate.log 
Using 2 slave threads.
Starting static elaboration
Completed static elaboration
Starting simulation data flow analysis
Completed simulation data flow analysis
Time Resolution for simulation is 1ps
Compiling module xil_defaultlib.tx_clk_gen(BAUD_RATE=115200)
Compiling module xil_defaultlib.uart_frame_tx(BAUD_RATE=115200)
Compiling module xil_defaultlib.rx_clk_gen(CLK_FREQUENCE=1000000...
Compiling module xil_defaultlib.uart_frame_rx(BAUD_RATE=115200)
Compiling module xil_defaultlib.UART
Compiling module xil_defaultlib.tb_UART
Compiling module xil_defaultlib.glbl
Built simulation snapshot tb_UART_behav

****** Webtalk v2018.2 (64-bit)
  **** SW Build 2258646 on Thu Jun 14 20:03:12 MDT 2018
  **** IP Build 2256618 on Thu Jun 14 22:10:49 MDT 2018
    ** Copyright 1986-2018 Xilinx, Inc. All Rights Reserved.

source D:/Xilinx/VivadoProjects/Filter_WaveGenerator/Filter_WaveGenerator.sim/sim_1/behav/xsim/xsim.dir/tb_UART_behav/webtalk/xsim_webtalk.tcl -notrace
webtalk_transmit: Time (s): cpu = 00:00:00 ; elapsed = 00:00:06 . Memory (MB): peak = 54.227 ; gain = 0.785
INFO: [Common 17-206] Exiting Webtalk at Fri Jul 31 22:51:24 2020...
run_program: Time (s): cpu = 00:00:01 ; elapsed = 00:00:11 . Memory (MB): peak = 909.777 ; gain = 0.000
INFO: [USF-XSim-69] 'elaborate' step finished in '10' seconds
INFO: [USF-XSim-4] XSim::Simulate design
INFO: [USF-XSim-61] Executing 'SIMULATE' step in 'D:/Xilinx/VivadoProjects/Filter_WaveGenerator/Filter_WaveGenerator.sim/sim_1/behav/xsim'
INFO: [USF-XSim-98] *** Running xsim
   with args "tb_UART_behav -key {Behavioral:sim_1:Functional:tb_UART} -tclbatch {tb_UART.tcl} -log {simulate.log}"
INFO: [USF-XSim-8] Loading simulator feature
Vivado Simulator 2018.2
Time resolution is 1 ps
source tb_UART.tcl
# set curr_wave [current_wave_config]
# if { [string length $curr_wave] == 0 } {
#   if { [llength [get_objects]] > 0} {
#     add_wave /
#     set_property needs_save false [current_wave_config]
#   } else {
#      send_msg_id Add_Wave-1 WARNING "No top level signals found. Simulator will start without a wave window. If you want to open a wave window go to 'File->New Waveform Configuration' or type 'create_wave_config' in the TCL console."
#   }
# }
# run 1000ns
INFO: [USF-XSim-96] XSim completed. Design snapshot 'tb_UART_behav' loaded.
INFO: [USF-XSim-97] XSim simulation ran for 1000ns
launch_simulation: Time (s): cpu = 00:00:04 ; elapsed = 00:00:16 . Memory (MB): peak = 909.777 ; gain = 0.000
run 10 ms
relaunch_sim
suspend_sim: Time (s): cpu = 00:00:01 ; elapsed = 00:00:11 . Memory (MB): peak = 909.777 ; gain = 0.000
INFO: [Vivado 12-5698] Checking validity of IPs in the design for the 'XSim' simulator...
INFO: [Vivado 12-5682] Launching behavioral simulation in 'D:/Xilinx/VivadoProjects/Filter_WaveGenerator/Filter_WaveGenerator.sim/sim_1/behav/xsim'
INFO: [Vivado 12-4795] Using compiled simulation libraries for IPs
INFO: [SIM-utils-51] Simulation object is 'sim_1'
INFO: [USF-XSim-7] Finding pre-compiled libraries...
INFO: [USF-XSim-11] File 'D:/Xilinx/Vivado/2018.2/data/xsim/xsim.ini' copied to run dir:'D:/Xilinx/VivadoProjects/Filter_WaveGenerator/Filter_WaveGenerator.sim/sim_1/behav/xsim'
INFO: [SIM-utils-54] Inspecting design source files for 'tb_UART' in fileset 'sim_1'...
INFO: [SIM-utils-43] Exported 'D:/Xilinx/VivadoProjects/Filter_WaveGenerator/Filter_WaveGenerator.sim/sim_1/behav/xsim/Rom_Sin.mif'
INFO: [SIM-utils-43] Exported 'D:/Xilinx/VivadoProjects/Filter_WaveGenerator/Filter_WaveGenerator.sim/sim_1/behav/xsim/Sin_Wave_Rom.coe'
INFO: [SIM-utils-43] Exported 'D:/Xilinx/VivadoProjects/Filter_WaveGenerator/Filter_WaveGenerator.sim/sim_1/behav/xsim/Rom_Square.mif'
INFO: [SIM-utils-43] Exported 'D:/Xilinx/VivadoProjects/Filter_WaveGenerator/Filter_WaveGenerator.sim/sim_1/behav/xsim/Square_Wave_Rom.coe'
INFO: [SIM-utils-43] Exported 'D:/Xilinx/VivadoProjects/Filter_WaveGenerator/Filter_WaveGenerator.sim/sim_1/behav/xsim/Rom_Triangle.mif'
INFO: [SIM-utils-43] Exported 'D:/Xilinx/VivadoProjects/Filter_WaveGenerator/Filter_WaveGenerator.sim/sim_1/behav/xsim/Triangle_Wave_Rom.coe'
INFO: [USF-XSim-97] Finding global include files...
INFO: [USF-XSim-98] Fetching design files from 'sim_1'...
INFO: [USF-XSim-2] XSim::Compile design
INFO: [USF-XSim-61] Executing 'COMPILE and ANALYZE' step in 'D:/Xilinx/VivadoProjects/Filter_WaveGenerator/Filter_WaveGenerator.sim/sim_1/behav/xsim'
"xvlog --incr --relax -prj tb_UART_vlog.prj"
INFO: [VRFC 10-2263] Analyzing Verilog file "D:/Xilinx/VivadoProjects/Filter_WaveGenerator/Filter_WaveGenerator.srcs/sources_1/imports/UART/UART.srcs/sources_1/new/UART.v" into library xil_defaultlib
INFO: [VRFC 10-311] analyzing module UART
INFO: [VRFC 10-2263] Analyzing Verilog file "D:/Xilinx/VivadoProjects/Filter_WaveGenerator/Filter_WaveGenerator.srcs/sources_1/imports/UART/UART.srcs/sources_1/imports/rtl/rx_clk_gen.v" into library xil_defaultlib
INFO: [VRFC 10-311] analyzing module rx_clk_gen
INFO: [VRFC 10-2263] Analyzing Verilog file "D:/Xilinx/VivadoProjects/Filter_WaveGenerator/Filter_WaveGenerator.srcs/sources_1/imports/UART/UART.srcs/sources_1/imports/rtl/tx_clk_gen.v" into library xil_defaultlib
INFO: [VRFC 10-311] analyzing module tx_clk_gen
INFO: [VRFC 10-2263] Analyzing Verilog file "D:/Xilinx/VivadoProjects/Filter_WaveGenerator/Filter_WaveGenerator.srcs/sources_1/imports/UART/UART.srcs/sources_1/imports/rtl/uart_frame_rx.v" into library xil_defaultlib
INFO: [VRFC 10-311] analyzing module uart_frame_rx
INFO: [VRFC 10-2263] Analyzing Verilog file "D:/Xilinx/VivadoProjects/Filter_WaveGenerator/Filter_WaveGenerator.srcs/sources_1/imports/UART/UART.srcs/sources_1/imports/rtl/uart_frame_tx.v" into library xil_defaultlib
INFO: [VRFC 10-311] analyzing module uart_frame_tx
INFO: [VRFC 10-2263] Analyzing Verilog file "D:/Xilinx/VivadoProjects/Filter_WaveGenerator/Filter_WaveGenerator.srcs/sources_1/imports/UART/UART.srcs/sim_1/new/tb_UART.v" into library xil_defaultlib
INFO: [VRFC 10-311] analyzing module tb_UART
INFO: [USF-XSim-69] 'compile' step finished in '2' seconds
INFO: [Vivado 12-5698] Checking validity of IPs in the design for the 'XSim' simulator...
INFO: [Vivado 12-5682] Launching behavioral simulation in 'D:/Xilinx/VivadoProjects/Filter_WaveGenerator/Filter_WaveGenerator.sim/sim_1/behav/xsim'
INFO: [Vivado 12-4795] Using compiled simulation libraries for IPs
INFO: [USF-XSim-3] XSim::Elaborate design
INFO: [USF-XSim-61] Executing 'ELABORATE' step in 'D:/Xilinx/VivadoProjects/Filter_WaveGenerator/Filter_WaveGenerator.sim/sim_1/behav/xsim'
Vivado Simulator 2018.2
Copyright 1986-1999, 2001-2018 Xilinx, Inc. All Rights Reserved.
Running: D:/Xilinx/Vivado/2018.2/bin/unwrapped/win64.o/xelab.exe -wto 9f5ed87ab75244418efefae0cd05a944 --incr --debug typical --relax --mt 2 -L xil_defaultlib -L unisims_ver -L unimacro_ver -L secureip -L xpm --snapshot tb_UART_behav xil_defaultlib.tb_UART xil_defaultlib.glbl -log elaborate.log 
Using 2 slave threads.
Starting static elaboration
Completed static elaboration
Starting simulation data flow analysis
Completed simulation data flow analysis
Time Resolution for simulation is 1ps
Compiling module xil_defaultlib.tx_clk_gen(BAUD_RATE=115200)
Compiling module xil_defaultlib.uart_frame_tx(BAUD_RATE=115200)
Compiling module xil_defaultlib.rx_clk_gen(CLK_FREQUENCE=1000000...
Compiling module xil_defaultlib.uart_frame_rx(BAUD_RATE=115200)
Compiling module xil_defaultlib.UART
Compiling module xil_defaultlib.tb_UART
Compiling module xil_defaultlib.glbl
Built simulation snapshot tb_UART_behav
INFO: [USF-XSim-69] 'elaborate' step finished in '2' seconds
Vivado Simulator 2018.2
Time resolution is 1 ps
relaunch_sim: Time (s): cpu = 00:00:02 ; elapsed = 00:00:16 . Memory (MB): peak = 909.777 ; gain = 0.000
run 10 ms
close_sim
INFO: [Simtcl 6-16] Simulation closed
set_property top tb_Top [get_filesets sim_1]
set_property top_lib xil_defaultlib [get_filesets sim_1]
update_compile_order -fileset sim_1
launch_simulation
INFO: [Vivado 12-5698] Checking validity of IPs in the design for the 'XSim' simulator...
INFO: [Vivado 12-5682] Launching behavioral simulation in 'D:/Xilinx/VivadoProjects/Filter_WaveGenerator/Filter_WaveGenerator.sim/sim_1/behav/xsim'
INFO: [Vivado 12-4795] Using compiled simulation libraries for IPs
INFO: [SIM-utils-51] Simulation object is 'sim_1'
INFO: [USF-XSim-7] Finding pre-compiled libraries...
INFO: [USF-XSim-11] File 'D:/Xilinx/Vivado/2018.2/data/xsim/xsim.ini' copied to run dir:'D:/Xilinx/VivadoProjects/Filter_WaveGenerator/Filter_WaveGenerator.sim/sim_1/behav/xsim'
INFO: [SIM-utils-54] Inspecting design source files for 'tb_Top' in fileset 'sim_1'...
INFO: [SIM-utils-43] Exported 'D:/Xilinx/VivadoProjects/Filter_WaveGenerator/Filter_WaveGenerator.sim/sim_1/behav/xsim/Rom_Sin.mif'
INFO: [SIM-utils-43] Exported 'D:/Xilinx/VivadoProjects/Filter_WaveGenerator/Filter_WaveGenerator.sim/sim_1/behav/xsim/Sin_Wave_Rom.coe'
INFO: [SIM-utils-43] Exported 'D:/Xilinx/VivadoProjects/Filter_WaveGenerator/Filter_WaveGenerator.sim/sim_1/behav/xsim/Rom_Square.mif'
INFO: [SIM-utils-43] Exported 'D:/Xilinx/VivadoProjects/Filter_WaveGenerator/Filter_WaveGenerator.sim/sim_1/behav/xsim/Square_Wave_Rom.coe'
INFO: [SIM-utils-43] Exported 'D:/Xilinx/VivadoProjects/Filter_WaveGenerator/Filter_WaveGenerator.sim/sim_1/behav/xsim/Rom_Triangle.mif'
INFO: [SIM-utils-43] Exported 'D:/Xilinx/VivadoProjects/Filter_WaveGenerator/Filter_WaveGenerator.sim/sim_1/behav/xsim/Triangle_Wave_Rom.coe'
INFO: [USF-XSim-97] Finding global include files...
INFO: [USF-XSim-98] Fetching design files from 'sim_1'...
INFO: [USF-XSim-2] XSim::Compile design
INFO: [USF-XSim-61] Executing 'COMPILE and ANALYZE' step in 'D:/Xilinx/VivadoProjects/Filter_WaveGenerator/Filter_WaveGenerator.sim/sim_1/behav/xsim'
"xvlog --incr --relax -prj tb_Top_vlog.prj"
INFO: [USF-XSim-69] 'compile' step finished in '2' seconds
INFO: [USF-XSim-3] XSim::Elaborate design
INFO: [USF-XSim-61] Executing 'ELABORATE' step in 'D:/Xilinx/VivadoProjects/Filter_WaveGenerator/Filter_WaveGenerator.sim/sim_1/behav/xsim'
Vivado Simulator 2018.2
Copyright 1986-1999, 2001-2018 Xilinx, Inc. All Rights Reserved.
Running: D:/Xilinx/Vivado/2018.2/bin/unwrapped/win64.o/xelab.exe -wto 9f5ed87ab75244418efefae0cd05a944 --incr --debug typical --relax --mt 2 -L blk_mem_gen_v8_4_1 -L xil_defaultlib -L unisims_ver -L unimacro_ver -L secureip -L xpm --snapshot tb_Top_behav xil_defaultlib.tb_Top xil_defaultlib.glbl -log elaborate.log 
Using 2 slave threads.
Starting static elaboration
WARNING: [VRFC 10-278] actual bit length 32 differs from formal bit length 1 for port i_rst [D:/Xilinx/VivadoProjects/Filter_WaveGenerator/Filter_WaveGenerator.srcs/sources_1/new/Filter_WaveGenerator.v:187]
WARNING: [VRFC 10-278] actual bit length 32 differs from formal bit length 31 for port i_clk_mode [D:/Xilinx/VivadoProjects/Filter_WaveGenerator/Filter_WaveGenerator.srcs/sources_1/new/Filter_WaveGenerator.v:188]
WARNING: [VRFC 10-278] actual bit length 32 differs from formal bit length 1 for port DAC_En [D:/Xilinx/VivadoProjects/Filter_WaveGenerator/Filter_WaveGenerator.srcs/sources_1/new/Filter_WaveGenerator.v:195]
WARNING: [VRFC 10-278] actual bit length 32 differs from formal bit length 1 for port i_rst [D:/Xilinx/VivadoProjects/Filter_WaveGenerator/Filter_WaveGenerator.srcs/sources_1/imports/new/DDS_Addr_Generator.v:38]
Completed static elaboration
INFO: [XSIM 43-4323] No Change in HDL. Linking previously generated obj files to create kernel
INFO: [USF-XSim-69] 'elaborate' step finished in '2' seconds
INFO: [USF-XSim-4] XSim::Simulate design
INFO: [USF-XSim-61] Executing 'SIMULATE' step in 'D:/Xilinx/VivadoProjects/Filter_WaveGenerator/Filter_WaveGenerator.sim/sim_1/behav/xsim'
INFO: [USF-XSim-98] *** Running xsim
   with args "tb_Top_behav -key {Behavioral:sim_1:Functional:tb_Top} -tclbatch {tb_Top.tcl} -log {simulate.log}"
INFO: [USF-XSim-8] Loading simulator feature
Vivado Simulator 2018.2
Time resolution is 1 ps
source tb_Top.tcl
# set curr_wave [current_wave_config]
# if { [string length $curr_wave] == 0 } {
#   if { [llength [get_objects]] > 0} {
#     add_wave /
#     set_property needs_save false [current_wave_config]
#   } else {
#      send_msg_id Add_Wave-1 WARNING "No top level signals found. Simulator will start without a wave window. If you want to open a wave window go to 'File->New Waveform Configuration' or type 'create_wave_config' in the TCL console."
#   }
# }
# run 1000ns
 Block Memory Generator module loading initial data...
 Block Memory Generator data initialization complete.
Block Memory Generator module tb_Top.FWG_inst.Driver_DAC0.Sin_Rom.inst.native_mem_module.blk_mem_gen_v8_4_1_inst is using a behavioral model for simulation which will not precisely model memory collision behavior.
 Block Memory Generator module loading initial data...
 Block Memory Generator data initialization complete.
Block Memory Generator module tb_Top.FWG_inst.Driver_DAC0.Square_Rom.inst.native_mem_module.blk_mem_gen_v8_4_1_inst is using a behavioral model for simulation which will not precisely model memory collision behavior.
 Block Memory Generator module loading initial data...
 Block Memory Generator data initialization complete.
Block Memory Generator module tb_Top.FWG_inst.Driver_DAC0.Triangle_Rom.inst.native_mem_module.blk_mem_gen_v8_4_1_inst is using a behavioral model for simulation which will not precisely model memory collision behavior.
INFO: [USF-XSim-96] XSim completed. Design snapshot 'tb_Top_behav' loaded.
INFO: [USF-XSim-97] XSim simulation ran for 1000ns
launch_simulation: Time (s): cpu = 00:00:04 ; elapsed = 00:00:08 . Memory (MB): peak = 910.676 ; gain = 0.898
run 10 ms
run: Time (s): cpu = 00:00:04 ; elapsed = 00:00:10 . Memory (MB): peak = 910.867 ; gain = 0.191
close_sim
INFO: [Simtcl 6-16] Simulation closed
exit
INFO: [Common 17-206] Exiting Vivado at Fri Jul 31 23:55:44 2020...
